#-----------------------------------------------------------
# Vivado v2020.2 (64-bit)
# SW Build 3064766 on Wed Nov 18 09:12:45 MST 2020
# IP Build 3064653 on Wed Nov 18 14:17:31 MST 2020
# Start of session at: Sun Jan 14 19:08:35 2024
# Process ID: 17040
# Current directory: D:/business/business7/RISC_QS
# Command line: vivado.exe -gui_launcher_event rodinguilauncherevent15420 D:\business\business7\RISC_QS\RISC_QS.xpr
# Log file: D:/business/business7/RISC_QS/vivado.log
# Journal file: D:/business/business7/RISC_QS\vivado.jou
#-----------------------------------------------------------
start_gui
open_project D:/business/business7/RISC_QS/RISC_QS.xpr
Scanning sources...
Finished scanning sources
INFO: [IP_Flow 19-234] Refreshing IP repositories
INFO: [IP_Flow 19-1704] No user IP repositories specified
INFO: [IP_Flow 19-2313] Loaded Vivado IP repository 'C:/Software/Xilinx/Vivado/2020.2/data/ip'.
open_project: Time (s): cpu = 00:00:04 ; elapsed = 00:00:06 . Memory (MB): peak = 1106.938 ; gain = 0.000
update_compile_order -fileset sources_1
exit
INFO: [Common 17-206] Exiting Vivado at Sun Jan 14 20:14:41 2024...
