#-----------------------------------------------------------
# Vivado v2018.3 (64-bit)
# SW Build 2405991 on Thu Dec  6 23:38:27 MST 2018
# IP Build 2404404 on Fri Dec  7 01:43:56 MST 2018
# Start of session at: Tue Aug 27 15:18:45 2024
# Process ID: 19124
# Current directory: D:/BaiduSyncdisk/Project/RISC-V/single-cycle processor-upset/five-cycle processor
# Command line: vivado.exe -gui_launcher_event rodinguilauncherevent26136 D:\BaiduSyncdisk\Project\RISC-V\single-cycle processor-upset\five-cycle processor\single-cycle processor.xpr
# Log file: D:/BaiduSyncdisk/Project/RISC-V/single-cycle processor-upset/five-cycle processor/vivado.log
# Journal file: D:/BaiduSyncdisk/Project/RISC-V/single-cycle processor-upset/five-cycle processor\vivado.jou
#-----------------------------------------------------------
start_gui
open_project {D:/BaiduSyncdisk/Project/RISC-V/single-cycle processor-upset/five-cycle processor/single-cycle processor.xpr}
INFO: [ProjectBase 1-489] The host OS only allows 260 characters in a normal path. The project is stored in a path with more than 80 characters. If you experience issues with IP, Block Designs, or files not being found, please consider moving the project to a location with a shorter path. Alternately consider using the OS subst command to map part of the path to a drive letter.
Current project path is 'D:/BaiduSyncdisk/Project/RISC-V/single-cycle processor-upset/five-cycle processor'
INFO: [Project 1-313] Project file moved from 'D:/BaiduSyncdisk/Project/RISC-V/single-cycle processor-upset/single-cycle processor' since last save.
Scanning sources...
Finished scanning sources
INFO: [IP_Flow 19-234] Refreshing IP repositories
INFO: [IP_Flow 19-1704] No user IP repositories specified
INFO: [IP_Flow 19-2313] Loaded Vivado IP repository 'C:/Software/Xilinx/Vivado/2018.3/data/ip'.
open_project: Time (s): cpu = 00:00:03 ; elapsed = 00:00:08 . Memory (MB): peak = 835.250 ; gain = 176.883
update_compile_order -fileset sources_1
close [ open {D:/BaiduSyncdisk/Project/RISC-V/single-cycle processor-upset/five-cycle processor/single-cycle processor.srcs/sources_1/new/forward_unit.v} w ]
add_files {{D:/BaiduSyncdisk/Project/RISC-V/single-cycle processor-upset/five-cycle processor/single-cycle processor.srcs/sources_1/new/forward_unit.v}}
update_compile_order -fileset sources_1
exit
INFO: [Common 17-206] Exiting Vivado at Tue Aug 27 15:54:18 2024...
