#-----------------------------------------------------------
# Vivado v2018.3 (64-bit)
# SW Build 2405991 on Thu Dec  6 23:38:27 MST 2018
# IP Build 2404404 on Fri Dec  7 01:43:56 MST 2018
# Start of session at: Thu Aug 15 14:08:14 2024
# Process ID: 13440
# Current directory: D:/BaiduSyncdisk/Project/RISC-V/single-cycle processor-upset/single-cycle processor
# Command line: vivado.exe -gui_launcher_event rodinguilauncherevent11352 D:\BaiduSyncdisk\Project\RISC-V\single-cycle processor-upset\single-cycle processor\single-cycle processor.xpr
# Log file: D:/BaiduSyncdisk/Project/RISC-V/single-cycle processor-upset/single-cycle processor/vivado.log
# Journal file: D:/BaiduSyncdisk/Project/RISC-V/single-cycle processor-upset/single-cycle processor\vivado.jou
#-----------------------------------------------------------
start_gui
open_project {D:/BaiduSyncdisk/Project/RISC-V/single-cycle processor-upset/single-cycle processor/single-cycle processor.xpr}
INFO: [ProjectBase 1-489] The host OS only allows 260 characters in a normal path. The project is stored in a path with more than 80 characters. If you experience issues with IP, Block Designs, or files not being found, please consider moving the project to a location with a shorter path. Alternately consider using the OS subst command to map part of the path to a drive letter.
Current project path is 'D:/BaiduSyncdisk/Project/RISC-V/single-cycle processor-upset/single-cycle processor'
Scanning sources...
Finished scanning sources
INFO: [IP_Flow 19-234] Refreshing IP repositories
INFO: [IP_Flow 19-1704] No user IP repositories specified
INFO: [IP_Flow 19-2313] Loaded Vivado IP repository 'C:/Software/Xilinx/Vivado/2018.3/data/ip'.
open_project: Time (s): cpu = 00:00:04 ; elapsed = 00:00:08 . Memory (MB): peak = 833.750 ; gain = 162.977
update_compile_order -fileset sources_1
update_compile_order -fileset sources_1
update_compile_order -fileset sources_1
update_compile_order -fileset sources_1
update_compile_order -fileset sources_1
update_compile_order -fileset sources_1
update_compile_order -fileset sources_1
update_compile_order -fileset sources_1
update_compile_order -fileset sources_1
update_compile_order -fileset sources_1
update_compile_order -fileset sources_1
update_compile_order -fileset sources_1
update_compile_order -fileset sources_1
update_compile_order -fileset sources_1
update_compile_order -fileset sources_1
update_compile_order -fileset sources_1
update_compile_order -fileset sources_1
update_compile_order -fileset sources_1
update_compile_order -fileset sources_1
update_compile_order -fileset sources_1
update_compile_order -fileset sources_1
update_compile_order -fileset sources_1
update_compile_order -fileset sources_1
update_compile_order -fileset sources_1
update_compile_order -fileset sources_1
update_compile_order -fileset sources_1
update_compile_order -fileset sources_1
update_compile_order -fileset sources_1
update_compile_order -fileset sources_1
update_compile_order -fileset sources_1
update_compile_order -fileset sources_1
update_compile_order -fileset sources_1
update_compile_order -fileset sources_1
update_compile_order -fileset sources_1
update_compile_order -fileset sources_1
update_compile_order -fileset sources_1
update_compile_order -fileset sources_1
update_compile_order -fileset sources_1
update_compile_order -fileset sources_1
reset_run synth_1
WARNING: [Vivado 12-1017] Problems encountered:
1. Failed to delete one or more files in run directory D:/BaiduSyncdisk/Project/RISC-V/single-cycle processor-upset/single-cycle processor/single-cycle processor.runs/synth_1

launch_runs synth_1 -jobs 16
[Thu Aug 15 16:49:57 2024] Launched synth_1...
Run output will be captured here: D:/BaiduSyncdisk/Project/RISC-V/single-cycle processor-upset/single-cycle processor/single-cycle processor.runs/synth_1/runme.log
reset_run synth_1
WARNING: [Vivado 12-1017] Problems encountered:
1. Failed to delete one or more files in run directory D:/BaiduSyncdisk/Project/RISC-V/single-cycle processor-upset/single-cycle processor/single-cycle processor.runs/synth_1

launch_runs synth_1 -jobs 16
[Thu Aug 15 16:51:19 2024] Launched synth_1...
Run output will be captured here: D:/BaiduSyncdisk/Project/RISC-V/single-cycle processor-upset/single-cycle processor/single-cycle processor.runs/synth_1/runme.log
exit
INFO: [Common 17-206] Exiting Vivado at Thu Aug 15 16:53:31 2024...
