#-----------------------------------------------------------
# Vivado v2018.3 (64-bit)
# SW Build 2405991 on Thu Dec  6 23:38:27 MST 2018
# IP Build 2404404 on Fri Dec  7 01:43:56 MST 2018
# Start of session at: Tue Jul  2 14:25:04 2024
# Process ID: 20116
# Current directory: D:/BaiduSyncdisk/Project/RISC-V/single-cycle processor/RISC_V
# Command line: vivado.exe -gui_launcher_event rodinguilauncherevent4272 D:\BaiduSyncdisk\Project\RISC-V\single-cycle processor\RISC_V\RISC_V.xpr
# Log file: D:/BaiduSyncdisk/Project/RISC-V/single-cycle processor/RISC_V/vivado.log
# Journal file: D:/BaiduSyncdisk/Project/RISC-V/single-cycle processor/RISC_V\vivado.jou
#-----------------------------------------------------------
start_gui
open_project {D:/BaiduSyncdisk/Project/RISC-V/single-cycle processor/RISC_V/RISC_V.xpr}
Scanning sources...
Finished scanning sources
INFO: [IP_Flow 19-234] Refreshing IP repositories
INFO: [IP_Flow 19-1704] No user IP repositories specified
INFO: [IP_Flow 19-2313] Loaded Vivado IP repository 'C:/Software/Xilinx/Vivado/2018.3/data/ip'.
open_project: Time (s): cpu = 00:00:04 ; elapsed = 00:00:07 . Memory (MB): peak = 796.941 ; gain = 178.805
update_compile_order -fileset sources_1
